C:\USERS\LOGAN\DOCUMENTS\VISUAL STUDIO 2012\PROJECTS\CONSOLEAPPLICATION3\CONSOLEAPPLICATION3\DEBUG\GAME.OBJ
C:\USERS\LOGAN\DOCUMENTS\VISUAL STUDIO 2012\PROJECTS\CONSOLEAPPLICATION3\CONSOLEAPPLICATION3\DEBUG\MAIN.OBJ
C:\USERS\LOGAN\DOCUMENTS\VISUAL STUDIO 2012\PROJECTS\CONSOLEAPPLICATION3\CONSOLEAPPLICATION3\DEBUG\VC110.PDB
C:\USERS\LOGAN\DOCUMENTS\VISUAL STUDIO 2012\PROJECTS\CONSOLEAPPLICATION3\DEBUG\CONSOLEAPPLICATION3.ILK
C:\USERS\LOGAN\DOCUMENTS\VISUAL STUDIO 2012\PROJECTS\CONSOLEAPPLICATION3\DEBUG\CONSOLEAPPLICATION3.EXE
C:\USERS\LOGAN\DOCUMENTS\VISUAL STUDIO 2012\PROJECTS\CONSOLEAPPLICATION3\DEBUG\CONSOLEAPPLICATION3.PDB
C:\Users\Logan\documents\visual studio 2012\Projects\ConsoleApplication3\ConsoleApplication3\Debug\Game.obj
C:\Users\Logan\documents\visual studio 2012\Projects\ConsoleApplication3\ConsoleApplication3\Debug\main.obj
C:\Users\Logan\documents\visual studio 2012\Projects\ConsoleApplication3\ConsoleApplication3\Debug\cl.command.1.tlog
C:\Users\Logan\documents\visual studio 2012\Projects\ConsoleApplication3\ConsoleApplication3\Debug\CL.read.1.tlog
C:\Users\Logan\documents\visual studio 2012\Projects\ConsoleApplication3\ConsoleApplication3\Debug\CL.write.1.tlog
C:\Users\Logan\documents\visual studio 2012\Projects\ConsoleApplication3\ConsoleApplication3\Debug\link-cvtres.read.1.tlog
C:\Users\Logan\documents\visual studio 2012\Projects\ConsoleApplication3\ConsoleApplication3\Debug\link-cvtres.write.1.tlog
C:\Users\Logan\documents\visual studio 2012\Projects\ConsoleApplication3\ConsoleApplication3\Debug\link-rc.read.1.tlog
C:\Users\Logan\documents\visual studio 2012\Projects\ConsoleApplication3\ConsoleApplication3\Debug\link-rc.write.1.tlog
C:\Users\Logan\documents\visual studio 2012\Projects\ConsoleApplication3\ConsoleApplication3\Debug\link.command.1.tlog
C:\Users\Logan\documents\visual studio 2012\Projects\ConsoleApplication3\ConsoleApplication3\Debug\link.read.1.tlog
C:\Users\Logan\documents\visual studio 2012\Projects\ConsoleApplication3\ConsoleApplication3\Debug\link.write.1.tlog
C:\Users\Logan\documents\visual studio 2012\Projects\ConsoleApplication3\ConsoleApplication3\Debug\vc110.idb
C:\Users\Logan\documents\visual studio 2012\Projects\ConsoleApplication3\ConsoleApplication3\Debug\vc110.pdb
C:\Users\Logan\documents\visual studio 2012\Projects\ConsoleApplication3\Debug\ConsoleApplication3.pdb
C:\Users\Logan\documents\visual studio 2012\Projects\ConsoleApplication3\Debug\ConsoleApplication3.exe
C:\Users\Logan\documents\visual studio 2012\Projects\ConsoleApplication3\Debug\ConsoleApplication3.ilk
