C:\USERS\LOGAN\DOCUMENTS\VISUAL STUDIO 2012\PROJECTS\CONSOLEAPPLICATION3\CONSOLEAPPLICATION3\RELEASE\WEAPON.OBJ
C:\USERS\LOGAN\DOCUMENTS\VISUAL STUDIO 2012\PROJECTS\CONSOLEAPPLICATION3\CONSOLEAPPLICATION3\RELEASE\UI.OBJ
C:\USERS\LOGAN\DOCUMENTS\VISUAL STUDIO 2012\PROJECTS\CONSOLEAPPLICATION3\CONSOLEAPPLICATION3\RELEASE\TILE.OBJ
C:\USERS\LOGAN\DOCUMENTS\VISUAL STUDIO 2012\PROJECTS\CONSOLEAPPLICATION3\CONSOLEAPPLICATION3\RELEASE\TEXTUREHOLDER.OBJ
C:\USERS\LOGAN\DOCUMENTS\VISUAL STUDIO 2012\PROJECTS\CONSOLEAPPLICATION3\CONSOLEAPPLICATION3\RELEASE\SPELL.OBJ
C:\USERS\LOGAN\DOCUMENTS\VISUAL STUDIO 2012\PROJECTS\CONSOLEAPPLICATION3\CONSOLEAPPLICATION3\RELEASE\POTION.OBJ
C:\USERS\LOGAN\DOCUMENTS\VISUAL STUDIO 2012\PROJECTS\CONSOLEAPPLICATION3\CONSOLEAPPLICATION3\RELEASE\PORTAL.OBJ
C:\USERS\LOGAN\DOCUMENTS\VISUAL STUDIO 2012\PROJECTS\CONSOLEAPPLICATION3\CONSOLEAPPLICATION3\RELEASE\PLAYER.OBJ
C:\USERS\LOGAN\DOCUMENTS\VISUAL STUDIO 2012\PROJECTS\CONSOLEAPPLICATION3\CONSOLEAPPLICATION3\RELEASE\MONSTER.OBJ
C:\USERS\LOGAN\DOCUMENTS\VISUAL STUDIO 2012\PROJECTS\CONSOLEAPPLICATION3\CONSOLEAPPLICATION3\RELEASE\MAIN.OBJ
C:\USERS\LOGAN\DOCUMENTS\VISUAL STUDIO 2012\PROJECTS\CONSOLEAPPLICATION3\CONSOLEAPPLICATION3\RELEASE\LEVELMAKER.OBJ
C:\USERS\LOGAN\DOCUMENTS\VISUAL STUDIO 2012\PROJECTS\CONSOLEAPPLICATION3\CONSOLEAPPLICATION3\RELEASE\ITEM.OBJ
C:\USERS\LOGAN\DOCUMENTS\VISUAL STUDIO 2012\PROJECTS\CONSOLEAPPLICATION3\CONSOLEAPPLICATION3\RELEASE\INVENTORY.OBJ
C:\USERS\LOGAN\DOCUMENTS\VISUAL STUDIO 2012\PROJECTS\CONSOLEAPPLICATION3\CONSOLEAPPLICATION3\RELEASE\GOLD.OBJ
C:\USERS\LOGAN\DOCUMENTS\VISUAL STUDIO 2012\PROJECTS\CONSOLEAPPLICATION3\CONSOLEAPPLICATION3\RELEASE\GAME.OBJ
C:\USERS\LOGAN\DOCUMENTS\VISUAL STUDIO 2012\PROJECTS\CONSOLEAPPLICATION3\CONSOLEAPPLICATION3\RELEASE\EQUIPMENTHOLDER.OBJ
C:\USERS\LOGAN\DOCUMENTS\VISUAL STUDIO 2012\PROJECTS\CONSOLEAPPLICATION3\CONSOLEAPPLICATION3\RELEASE\CREATUREFACTORY.OBJ
C:\USERS\LOGAN\DOCUMENTS\VISUAL STUDIO 2012\PROJECTS\CONSOLEAPPLICATION3\CONSOLEAPPLICATION3\RELEASE\BOXEDOBJ.OBJ
C:\USERS\LOGAN\DOCUMENTS\VISUAL STUDIO 2012\PROJECTS\CONSOLEAPPLICATION3\CONSOLEAPPLICATION3\RELEASE\VC110.PDB
C:\USERS\LOGAN\DOCUMENTS\VISUAL STUDIO 2012\PROJECTS\CONSOLEAPPLICATION3\RELEASE\CONSOLEAPPLICATION3.EXE
C:\USERS\LOGAN\DOCUMENTS\VISUAL STUDIO 2012\PROJECTS\CONSOLEAPPLICATION3\RELEASE\CONSOLEAPPLICATION3.PDB
C:\Users\Logan\documents\visual studio 2012\Projects\ConsoleApplication3\ConsoleApplication3\Release\BoxedObj.obj
C:\Users\Logan\documents\visual studio 2012\Projects\ConsoleApplication3\ConsoleApplication3\Release\CreatureFactory.obj
C:\Users\Logan\documents\visual studio 2012\Projects\ConsoleApplication3\ConsoleApplication3\Release\EquipmentHolder.obj
C:\Users\Logan\documents\visual studio 2012\Projects\ConsoleApplication3\ConsoleApplication3\Release\Game.obj
C:\Users\Logan\documents\visual studio 2012\Projects\ConsoleApplication3\ConsoleApplication3\Release\Gold.obj
C:\Users\Logan\documents\visual studio 2012\Projects\ConsoleApplication3\ConsoleApplication3\Release\Inventory.obj
C:\Users\Logan\documents\visual studio 2012\Projects\ConsoleApplication3\ConsoleApplication3\Release\Item.obj
C:\Users\Logan\documents\visual studio 2012\Projects\ConsoleApplication3\ConsoleApplication3\Release\LevelMaker.obj
C:\Users\Logan\documents\visual studio 2012\Projects\ConsoleApplication3\ConsoleApplication3\Release\main.obj
C:\Users\Logan\documents\visual studio 2012\Projects\ConsoleApplication3\ConsoleApplication3\Release\Monster.obj
C:\Users\Logan\documents\visual studio 2012\Projects\ConsoleApplication3\ConsoleApplication3\Release\Player.obj
C:\Users\Logan\documents\visual studio 2012\Projects\ConsoleApplication3\ConsoleApplication3\Release\Portal.obj
C:\Users\Logan\documents\visual studio 2012\Projects\ConsoleApplication3\ConsoleApplication3\Release\Potion.obj
C:\Users\Logan\documents\visual studio 2012\Projects\ConsoleApplication3\ConsoleApplication3\Release\Spell.obj
C:\Users\Logan\documents\visual studio 2012\Projects\ConsoleApplication3\ConsoleApplication3\Release\TextureHolder.obj
C:\Users\Logan\documents\visual studio 2012\Projects\ConsoleApplication3\ConsoleApplication3\Release\Tile.obj
C:\Users\Logan\documents\visual studio 2012\Projects\ConsoleApplication3\ConsoleApplication3\Release\UI.obj
C:\Users\Logan\documents\visual studio 2012\Projects\ConsoleApplication3\ConsoleApplication3\Release\Weapon.obj
C:\Users\Logan\documents\visual studio 2012\Projects\ConsoleApplication3\ConsoleApplication3\Release\cl.command.1.tlog
C:\Users\Logan\documents\visual studio 2012\Projects\ConsoleApplication3\ConsoleApplication3\Release\CL.read.1.tlog
C:\Users\Logan\documents\visual studio 2012\Projects\ConsoleApplication3\ConsoleApplication3\Release\CL.write.1.tlog
C:\Users\Logan\documents\visual studio 2012\Projects\ConsoleApplication3\ConsoleApplication3\Release\link-cvtres.read.1.tlog
C:\Users\Logan\documents\visual studio 2012\Projects\ConsoleApplication3\ConsoleApplication3\Release\link-cvtres.write.1.tlog
C:\Users\Logan\documents\visual studio 2012\Projects\ConsoleApplication3\ConsoleApplication3\Release\link-rc.read.1.tlog
C:\Users\Logan\documents\visual studio 2012\Projects\ConsoleApplication3\ConsoleApplication3\Release\link-rc.write.1.tlog
C:\Users\Logan\documents\visual studio 2012\Projects\ConsoleApplication3\ConsoleApplication3\Release\link.command.1.tlog
C:\Users\Logan\documents\visual studio 2012\Projects\ConsoleApplication3\ConsoleApplication3\Release\link.read.1.tlog
C:\Users\Logan\documents\visual studio 2012\Projects\ConsoleApplication3\ConsoleApplication3\Release\link.write.1.tlog
C:\Users\Logan\documents\visual studio 2012\Projects\ConsoleApplication3\ConsoleApplication3\Release\vc110.pdb
C:\Users\Logan\documents\visual studio 2012\Projects\ConsoleApplication3\Release\ConsoleApplication3.pdb
C:\Users\Logan\documents\visual studio 2012\Projects\ConsoleApplication3\Release\ConsoleApplication3.exe
